2025-12-09 11:31:09,096 - INFO - Считаем SHA256 для pytorch_model-00001-of-00002.bin ...
2025-12-09 11:31:15,435 - INFO - 4f7857789e936e62333bf32064b92a754d726a8127c7170c58a5146c6d18988c  pytorch_model-00001-of-00002.bin
2025-12-09 11:31:15,436 - INFO - Считаем SHA256 для pytorch_model-00002-of-00002.bin ...
2025-12-09 11:31:18,131 - INFO - 2ac970dbc1ff2568eb735badb645100bbb7602c3134a4ab112e47c302d5d3c54  pytorch_model-00002-of-00002.bin
2025-12-09 11:31:18,131 - INFO - Считаем SHA256 для config.json ...
2025-12-09 11:31:18,131 - INFO - 1f92c640ba975b30ae15b59e79cb8d0ba0addca79c3eae2fcdba653c326bcd88  config.json
2025-12-09 11:31:18,131 - INFO - Считаем SHA256 для tokenizer.model ...
2025-12-09 11:31:18,132 - INFO - dadfd56d766715c61d2ef780a525ab43b8e6da4de6865bda3d95fdef5e134055  tokenizer.model
2025-12-09 11:31:18,132 - INFO - Считаем SHA256 для pytorch_model.bin.index.json ...
2025-12-09 11:31:18,133 - INFO - 72e0f44b64f8e8d5241ee3c393f6339e05f2e844134c75c524d87dc89a7257e9  pytorch_model.bin.index.json
2025-12-09 11:31:18,134 - INFO - 
✅ Хеши сохранены в /Users/antonamadeus/github-projects/Active/legal_nlp/models/saiga_mistral_7b_merged/saiga_sha256.txt
2025-12-09 11:31:18,134 - INFO - Количество обработанных файлов: 5
2025-12-09 11:31:18,135 - INFO - Считаем SHA256 для pytorch_model-00001-of-00002.bin ...
2025-12-09 11:31:24,262 - INFO - 4f7857789e936e62333bf32064b92a754d726a8127c7170c58a5146c6d18988c  pytorch_model-00001-of-00002.bin
2025-12-09 11:31:24,265 - INFO - Считаем SHA256 для pytorch_model-00002-of-00002.bin ...
2025-12-09 11:31:26,947 - INFO - 2ac970dbc1ff2568eb735badb645100bbb7602c3134a4ab112e47c302d5d3c54  pytorch_model-00002-of-00002.bin
2025-12-09 11:31:26,947 - INFO - Считаем SHA256 для config.json ...
2025-12-09 11:31:26,948 - INFO - 1f92c640ba975b30ae15b59e79cb8d0ba0addca79c3eae2fcdba653c326bcd88  config.json
2025-12-09 11:31:26,948 - INFO - Считаем SHA256 для tokenizer.model ...
2025-12-09 11:31:26,949 - INFO - dadfd56d766715c61d2ef780a525ab43b8e6da4de6865bda3d95fdef5e134055  tokenizer.model
2025-12-09 11:31:26,949 - INFO - Считаем SHA256 для pytorch_model.bin.index.json ...
2025-12-09 11:31:26,949 - INFO - 72e0f44b64f8e8d5241ee3c393f6339e05f2e844134c75c524d87dc89a7257e9  pytorch_model.bin.index.json
2025-12-09 11:31:26,950 - INFO - 
✅ Хеши сохранены в /Users/antonamadeus/github-projects/Active/legal_nlp/models/saiga_mistral_7b_merged/saiga_sha256.txt
2025-12-09 11:51:05,591 - INFO - Считаем SHA256 для pytorch_model-00001-of-00002.bin ...
2025-12-09 11:51:11,623 - INFO - 4f7857789e936e62333bf32064b92a754d726a8127c7170c58a5146c6d18988c  pytorch_model-00001-of-00002.bin
2025-12-09 11:51:11,624 - INFO - Считаем SHA256 для pytorch_model-00002-of-00002.bin ...
2025-12-09 11:51:14,284 - INFO - 2ac970dbc1ff2568eb735badb645100bbb7602c3134a4ab112e47c302d5d3c54  pytorch_model-00002-of-00002.bin
2025-12-09 11:51:14,284 - INFO - Считаем SHA256 для config.json ...
2025-12-09 11:51:14,284 - INFO - 1f92c640ba975b30ae15b59e79cb8d0ba0addca79c3eae2fcdba653c326bcd88  config.json
2025-12-09 11:51:14,285 - INFO - Считаем SHA256 для tokenizer.model ...
2025-12-09 11:51:14,285 - INFO - dadfd56d766715c61d2ef780a525ab43b8e6da4de6865bda3d95fdef5e134055  tokenizer.model
2025-12-09 11:51:14,285 - INFO - Считаем SHA256 для pytorch_model.bin.index.json ...
2025-12-09 11:51:14,286 - INFO - 72e0f44b64f8e8d5241ee3c393f6339e05f2e844134c75c524d87dc89a7257e9  pytorch_model.bin.index.json
2025-12-09 11:51:14,286 - INFO - 
✅ Хеши сохранены в /Users/antonamadeus/github-projects/Active/legal_nlp_experiments/models/saiga_mistral_7b_merged/saiga_sha256.txt
2025-12-09 11:51:14,286 - INFO - Количество обработанных файлов: 5
2025-12-09 11:51:14,286 - INFO - Считаем SHA256 для pytorch_model-00001-of-00002.bin ...
2025-12-09 11:51:20,095 - INFO - 4f7857789e936e62333bf32064b92a754d726a8127c7170c58a5146c6d18988c  pytorch_model-00001-of-00002.bin
2025-12-09 11:51:20,096 - INFO - Считаем SHA256 для pytorch_model-00002-of-00002.bin ...
2025-12-09 11:51:22,773 - INFO - 2ac970dbc1ff2568eb735badb645100bbb7602c3134a4ab112e47c302d5d3c54  pytorch_model-00002-of-00002.bin
2025-12-09 11:51:22,773 - INFO - Считаем SHA256 для config.json ...
2025-12-09 11:51:22,773 - INFO - 1f92c640ba975b30ae15b59e79cb8d0ba0addca79c3eae2fcdba653c326bcd88  config.json
2025-12-09 11:51:22,773 - INFO - Считаем SHA256 для tokenizer.model ...
2025-12-09 11:51:22,774 - INFO - dadfd56d766715c61d2ef780a525ab43b8e6da4de6865bda3d95fdef5e134055  tokenizer.model
2025-12-09 11:51:22,774 - INFO - Считаем SHA256 для pytorch_model.bin.index.json ...
2025-12-09 11:51:22,774 - INFO - 72e0f44b64f8e8d5241ee3c393f6339e05f2e844134c75c524d87dc89a7257e9  pytorch_model.bin.index.json
2025-12-09 11:51:22,774 - INFO - 
✅ Хеши сохранены в /Users/antonamadeus/github-projects/Active/legal_nlp_experiments/models/saiga_mistral_7b_merged/saiga_sha256.txt
